<?xml version="1.0" encoding="UTF-8"?>
<!-- Generated by org.testng.reporters.JUnitReportReporter -->
<testsuite hostname="SD-LP-W10-5179" failures="0" tests="1" name="com.ecoos.selenium.tests.BaseTest" time="0.921" errors="0" timestamp="09 Jul 2019 07:16:43 GMT" skipped="0">
  <testcase classname="com.ecoos.selenium.tests.BaseTest" name="ValidLogin" time="0.921"/>
</testsuite> <!-- com.ecoos.selenium.tests.BaseTest -->
